git-lfs/3.6.1 (GitHub; linux amd64; go 1.23.3)
git version 2.49.0

$ git-lfs prune
Prune error: error in `git worktree`: exit status 128: fatal: not a git repository (or any parent up to mount point /)
Stopping at filesystem boundary (GIT_DISCOVERY_ACROSS_FILESYSTEM not set).

Prune error: Git can't resolve ref: "HEAD"

Git can't resolve ref: "HEAD"

Current time in UTC:
2025-06-19 09:16:48

Environment:
LocalWorkingDir=
LocalGitDir=
LocalGitStorageDir=
LocalMediaDir=lfs/objects
LocalReferenceDirs=
TempDir=lfs/tmp
ConcurrentTransfers=8
TusTransfers=false
BasicTransfersOnly=false
SkipDownloadErrors=false
FetchRecentAlways=false
FetchRecentRefsDays=7
FetchRecentCommitsDays=0
FetchRecentRefsIncludeRemotes=true
PruneOffsetDays=3
PruneVerifyRemoteAlways=false
PruneVerifyUnreachableAlways=false
PruneRemoteName=origin
LfsStorageDir=lfs
AccessDownload=none
AccessUpload=none
DownloadTransfers=basic,lfs-standalone-file,ssh
UploadTransfers=basic,lfs-standalone-file,ssh
GIT_ASKPASS=/vscode/bin/linux-x64/dfaf44141ea9deb3b4096f7cd6d24e00c147a4b1/extensions/git/dist/askpass.sh
GIT_EDITOR=code --wait
GIT_EXEC_PATH=/usr/local/libexec/git-core

Client IP addresses:
10.0.1.36 fe80::222:48ff:fe1d:dab4
172.17.0.1
